[2015-02-26 03:00:38 INFO] Begin Time:  2015-02-26 03:00:38
[2015-02-26 03:00:38 INFO] Total Threads Selected: 32
[2015-02-26 03:00:38 INFO] Runnable: ['11', '10', '12', '1', '3', '2', '5', '4', '7', '6', '9', '8']
[2015-02-26 03:00:38 INFO] Runnablea: ['11', '10', '12', '1', '3', '2', '5', '4', '7', '6', '9', '8']
[2015-02-26 03:00:38 INFO] Executing: perf stat /home/apoorve/hpcproject/splash2_bench/codes/apps/ocean/non_contiguous_partitions/OCEANNC -n258 -p16 -e1e-07 -r20000 -t8
[2015-02-26 03:00:38 INFO] Executing appid: 12
[2015-02-26 03:00:38 INFO] Runnablea: ['11', '10', '1', '3', '2', '5', '4', '7', '6', '9', '8']
[2015-02-26 03:00:38 INFO] Executing: perf stat /home/apoorve/hpcproject/splash2_bench/codes/kernels/lu/non_contiguous_blocks/LUNC -n9500 -p16 -b8
[2015-02-26 03:00:38 INFO] Executing appid: 9
[2015-02-26 03:00:38 INFO] Runnablea: ['11', '10', '1', '3', '2', '5', '4', '7', '6', '8']
[2015-02-26 03:00:38 INFO] Runnablea: ['11', '10', '1', '3', '2', '5', '4', '7', '6']
[2015-02-26 03:00:38 INFO] Runnablea: ['11', '10', '3', '2', '5', '4', '7', '6']
[2015-02-26 03:00:38 INFO] Runnablea: ['11', '10', '3', '2', '5', '4', '6']
[2015-02-26 03:00:38 INFO] Runnablea: ['11', '10', '2', '5', '4', '6']
[2015-02-26 03:00:38 INFO] Runnablea: ['11', '10', '5', '4', '6']
[2015-02-26 03:00:38 INFO] Runnablea: ['11', '10', '4', '6']
[2015-02-26 03:00:38 INFO] Runnablea: ['10', '4', '6']
[2015-02-26 03:00:38 INFO] Runnablea: ['4', '6']
[2015-02-26 03:00:38 INFO] Runnablea: ['6']
[2015-02-26 03:00:38 INFO] First Batch Submitted

[2015-02-26 03:00:38 INFO] In Group Exec Completed1
[2015-02-26 03:00:38 INFO] sleeping for jobs to finish
[2015-02-26 03:00:43 INFO] woken up. checking if jobs are finished
[2015-02-26 03:00:43 INFO] In Group Exec Completed1
[2015-02-26 03:00:43 INFO] sleeping for jobs to finish
[2015-02-26 03:00:48 INFO] woken up. checking if jobs are finished
[2015-02-26 03:00:48 INFO] In Group Exec Completed1
[2015-02-26 03:00:48 INFO] sleeping for jobs to finish
[2015-02-26 03:00:53 INFO] woken up. checking if jobs are finished
[2015-02-26 03:00:53 INFO] In Group Exec Completed1
[2015-02-26 03:00:53 INFO] sleeping for jobs to finish
[2015-02-26 03:00:58 INFO] woken up. checking if jobs are finished
[2015-02-26 03:00:58 INFO] In Group Exec Completed1
[2015-02-26 03:00:58 INFO] sleeping for jobs to finish
[2015-02-26 03:01:03 INFO] woken up. checking if jobs are finished
[2015-02-26 03:01:03 INFO] In Group Exec Completed1
[2015-02-26 03:01:03 INFO] App Completed whose ID is: 12
[2015-02-26 03:01:03 INFO] Number of threads Freed: 16
[2015-02-26 03:01:03 INFO] Searching for new set of applications to execute
[2015-02-26 03:01:03 INFO] New Application Found
[2015-02-26 03:01:03 INFO] Executing perf stat echo "1.5e-16 216 90000 6 0 0 10000 0 16 6.212752" > /tmp/input ; /home/apoorve/hpcproject/splash2_bench/codes/apps/water-nsquared/WATER-NSQUARED < /tmp/input
[2015-02-26 03:01:03 INFO] Executing appid: 11
[2015-02-26 03:01:03 INFO] sleeping for jobs to finish
[2015-02-26 03:01:08 INFO] woken up. checking if jobs are finished
[2015-02-26 03:01:09 INFO] In Group Exec Completed1
[2015-02-26 03:01:09 INFO] App Completed whose ID is: 9
[2015-02-26 03:01:09 INFO] Number of threads Freed: 16
[2015-02-26 03:01:09 INFO] Searching for new set of applications to execute
[2015-02-26 03:01:09 INFO] New Application Found
[2015-02-26 03:01:09 INFO] Executing perf stat echo "1.5e-16 216 90000 6 0 0 10000 0 16 6.212752" > /tmp/input ; /home/apoorve/hpcproject/splash2_bench/codes/apps/water-nsquared/WATER-NSQUARED < /tmp/input
[2015-02-26 03:01:09 INFO] Executing appid: 5
[2015-02-26 03:01:09 INFO] sleeping for jobs to finish
[2015-02-26 03:01:14 INFO] woken up. checking if jobs are finished
[2015-02-26 03:01:14 INFO] In Group Exec Completed1
[2015-02-26 03:01:14 INFO] sleeping for jobs to finish
[2015-02-26 03:01:19 INFO] woken up. checking if jobs are finished
[2015-02-26 03:01:19 INFO] In Group Exec Completed1
[2015-02-26 03:01:19 INFO] sleeping for jobs to finish
[2015-02-26 03:01:24 INFO] woken up. checking if jobs are finished
[2015-02-26 03:01:24 INFO] In Group Exec Completed1
[2015-02-26 03:01:24 INFO] sleeping for jobs to finish
[2015-02-26 03:01:29 INFO] woken up. checking if jobs are finished
[2015-02-26 03:01:29 INFO] In Group Exec Completed1
[2015-02-26 03:01:29 INFO] sleeping for jobs to finish
